ISim log file
Running: C:\Users\dell\Desktop\BUAA2\PROJECT\P4-VerilogHDL-single_cycle_CPU\CPU\test_1_isim_beh.exe -intstyle ise -gui -tclbatch isim.cmd -wdb C:/Users/dell/Desktop/BUAA2/PROJECT/P4-VerilogHDL-single_cycle_CPU/CPU/test_1_isim_beh.wdb 
ISim P.68d (signature 0x7708f090)
This is a Full version of ISim.
Time resolution is 1 ps
# onerror resume
# wave add /
# run 1000 ns
Simulator is doing circuit initialization process.
Finished circuit initialization process.
# restart
# step
Simulator is doing circuit initialization process.
Stopped at time : 0 fs : File "C:/Users/dell/Desktop/BUAA2/PROJECT/P4-VerilogHDL-single_cycle_CPU/CPU/pc.v" Line 33
# run 20ns
Finished circuit initialization process.
# restart
# run 20ns
Simulator is doing circuit initialization process.
Finished circuit initialization process.
# run 20ns
# run 20ns
# run 20ns
# run 20ns
# run 20ns
# run 20ns
# run 20ns
# run 20ns
