Running: fuse.exe -relaunch -intstyle "ise" -incremental -lib "unisims_ver" -lib "unimacro_ver" -lib "xilinxcorelib_ver" -o "C:/Users/dell/Desktop/BUAA2/PROJECT/P4-VerilogHDL-single_cycle_CPU/P4-13061076/VerilogHDL/test_1_isim_beh.exe" -prj "C:/Users/dell/Desktop/BUAA2/PROJECT/P4-VerilogHDL-single_cycle_CPU/P4-13061076/VerilogHDL/test_1_beh.prj" "work.test_1" "work.glbl" 
ISim P.68d (signature 0x7708f090)
Number of CPUs detected in this system: 4
Turning on mult-threading, number of parallel sub-compilation jobs: 8 
Determining compilation order of HDL files
Analyzing Verilog file "C:/Users/dell/Desktop/BUAA2/PROJECT/P4-VerilogHDL-single_cycle_CPU/P4-13061076/VerilogHDL/select5.v" into library work
Analyzing Verilog file "C:/Users/dell/Desktop/BUAA2/PROJECT/P4-VerilogHDL-single_cycle_CPU/P4-13061076/VerilogHDL/select32_2.v" into library work
Analyzing Verilog file "C:/Users/dell/Desktop/BUAA2/PROJECT/P4-VerilogHDL-single_cycle_CPU/P4-13061076/VerilogHDL/select32.v" into library work
Analyzing Verilog file "C:/Users/dell/Desktop/BUAA2/PROJECT/P4-VerilogHDL-single_cycle_CPU/P4-13061076/VerilogHDL/regfile.v" into library work
Analyzing Verilog file "C:/Users/dell/Desktop/BUAA2/PROJECT/P4-VerilogHDL-single_cycle_CPU/P4-13061076/VerilogHDL/pc.v" into library work
WARNING:HDLCompiler:751 - "C:/Users/dell/Desktop/BUAA2/PROJECT/P4-VerilogHDL-single_cycle_CPU/P4-13061076/VerilogHDL/pc.v" Line 28: Redeclaration of ansi port pc is not allowed
Analyzing Verilog file "C:/Users/dell/Desktop/BUAA2/PROJECT/P4-VerilogHDL-single_cycle_CPU/P4-13061076/VerilogHDL/npc.v" into library work
Analyzing Verilog file "C:/Users/dell/Desktop/BUAA2/PROJECT/P4-VerilogHDL-single_cycle_CPU/P4-13061076/VerilogHDL/im.v" into library work
Analyzing Verilog file "C:/Users/dell/Desktop/BUAA2/PROJECT/P4-VerilogHDL-single_cycle_CPU/P4-13061076/VerilogHDL/ext.v" into library work
Analyzing Verilog file "C:/Users/dell/Desktop/BUAA2/PROJECT/P4-VerilogHDL-single_cycle_CPU/P4-13061076/VerilogHDL/dm.v" into library work
Analyzing Verilog file "C:/Users/dell/Desktop/BUAA2/PROJECT/P4-VerilogHDL-single_cycle_CPU/P4-13061076/VerilogHDL/control.v" into library work
WARNING:HDLCompiler:751 - "C:/Users/dell/Desktop/BUAA2/PROJECT/P4-VerilogHDL-single_cycle_CPU/P4-13061076/VerilogHDL/control.v" Line 36: Redeclaration of ansi port jal is not allowed
Analyzing Verilog file "C:/Users/dell/Desktop/BUAA2/PROJECT/P4-VerilogHDL-single_cycle_CPU/P4-13061076/VerilogHDL/alu.v" into library work
Analyzing Verilog file "C:/Users/dell/Desktop/BUAA2/PROJECT/P4-VerilogHDL-single_cycle_CPU/P4-13061076/VerilogHDL/mips.v" into library work
Analyzing Verilog file "C:/Users/dell/Desktop/BUAA2/PROJECT/P4-VerilogHDL-single_cycle_CPU/P4-13061076/VerilogHDL/test_1.v" into library work
Analyzing Verilog file "D:/COD_tools/Xilinx_ISE/Xilinx_ISE_DS/14.6/ISE_DS/ISE//verilog/src/glbl.v" into library work
Starting static elaboration
Completed static elaboration
Compiling module PC
Compiling module im_4k
Compiling module dm_4k
Compiling module control
Compiling module select5
Compiling module select32_3
Compiling module regfile
Compiling module ext
Compiling module select32_2
Compiling module alu
Compiling module npc
Compiling module mips
Compiling module test_1
Compiling module glbl
Time Resolution for simulation is 1ps.
Waiting for 7 sub-compilation(s) to finish...
Compiled 14 Verilog Units
Built simulation executable C:/Users/dell/Desktop/BUAA2/PROJECT/P4-VerilogHDL-single_cycle_CPU/P4-13061076/VerilogHDL/test_1_isim_beh.exe
Fuse Memory Usage: 30360 KB
Fuse CPU Usage: 530 ms
